# JRE version: Java(TM) SE Runtime Environment (17.0.8+9) (build 17.0.8+9-LTS-211)
# Java VM: Java HotSpot(TM) 64-Bit Server VM (17.0.8+9-LTS-211, mixed mode, sharing, tiered, compressed oops, compressed class ptrs, g1 gc, windows-amd64)
GC Precious Log:
 CPUs: 4 total, 4 available
 Memory: 16274M
 Large Page Support: Disabled
 NUMA Support: Disabled
 Compressed Oops: Enabled (Zero based)
 Heap Region Size: 2M
 Heap Min Capacity: 8M
 Heap Initial Capacity: 256M
 Heap Max Capacity: 4070M
 Pre-touch: Disabled
 Parallel Workers: 4
 Concurrent Workers: 1
 Concurrent Refinement Workers: 4
 Periodic GC: Disabled
Heap:
 garbage-first heap   total 61440K, used 28517K [0x0000000701a00000, 0x0000000800000000)
  region size 2048K, 5 young (10240K), 2 survivors (4096K)
 Metaspace       used 42746K, committed 43200K, reserved 1114112K
  class space    used 5677K, committed 5888K, reserved 1048576K
GC Heap History (18 events):
Event: 0.371 GC heap before
{Heap before GC invocations=0 (full 0):
 garbage-first heap   total 262144K, used 10240K [0x0000000701a00000, 0x0000000800000000)
  region size 2048K, 6 young (12288K), 0 survivors (0K)
 Metaspace       used 1175K, committed 1344K, reserved 1114112K
  class space    used 90K, committed 192K, reserved 1048576K
}
Event: 0.375 GC heap after
{Heap after GC invocations=1 (full 0):
 garbage-first heap   total 262144K, used 7584K [0x0000000701a00000, 0x0000000800000000)
  region size 2048K, 1 young (2048K), 1 survivors (2048K)
 Metaspace       used 1175K, committed 1344K, reserved 1114112K
  class space    used 90K, committed 192K, reserved 1048576K
}
Event: 0.657 GC heap before
{Heap before GC invocations=1 (full 0):
 garbage-first heap   total 262144K, used 17824K [0x0000000701a00000, 0x0000000800000000)
  region size 2048K, 6 young (12288K), 1 survivors (2048K)
 Metaspace       used 4233K, committed 4416K, reserved 1114112K
  class space    used 488K, committed 576K, reserved 1048576K
}
Event: 0.659 GC heap after
{Heap after GC invocations=2 (full 0):
 garbage-first heap   total 262144K, used 8913K [0x0000000701a00000, 0x0000000800000000)
  region size 2048K, 1 young (2048K), 1 survivors (2048K)
 Metaspace       used 4233K, committed 4416K, reserved 1114112K
  class space    used 488K, committed 576K, reserved 1048576K
}
Event: 1.092 GC heap before
{Heap before GC invocations=2 (full 0):
 garbage-first heap   total 262144K, used 25297K [0x0000000701a00000, 0x0000000800000000)
  region size 2048K, 9 young (18432K), 1 survivors (2048K)
 Metaspace       used 7175K, committed 7424K, reserved 1114112K
  class space    used 885K, committed 960K, reserved 1048576K
}
Event: 1.095 GC heap after
{Heap after GC invocations=3 (full 0):
 garbage-first heap   total 262144K, used 9971K [0x0000000701a00000, 0x0000000800000000)
  region size 2048K, 2 young (4096K), 2 survivors (4096K)
 Metaspace       used 7175K, committed 7424K, reserved 1114112K
  class space    used 885K, committed 960K, reserved 1048576K
}
Event: 2.753 GC heap before
{Heap before GC invocations=3 (full 0):
 garbage-first heap   total 262144K, used 85747K [0x0000000701a00000, 0x0000000800000000)
  region size 2048K, 41 young (83968K), 2 survivors (4096K)
 Metaspace       used 21304K, committed 21504K, reserved 1114112K
  class space    used 2713K, committed 2816K, reserved 1048576K
}
Event: 2.761 GC heap after
{Heap after GC invocations=4 (full 0):
 garbage-first heap   total 262144K, used 15135K [0x0000000701a00000, 0x0000000800000000)
  region size 2048K, 4 young (8192K), 4 survivors (8192K)
 Metaspace       used 21304K, committed 21504K, reserved 1114112K
  class space    used 2713K, committed 2816K, reserved 1048576K
}
Event: 3.394 GC heap before
{Heap before GC invocations=5 (full 0):
 garbage-first heap   total 61440K, used 43807K [0x0000000701a00000, 0x0000000800000000)
  region size 2048K, 18 young (36864K), 4 survivors (8192K)
 Metaspace       used 24952K, committed 25280K, reserved 1114112K
  class space    used 3229K, committed 3392K, reserved 1048576K
}
Event: 3.404 GC heap after
{Heap after GC invocations=6 (full 0):
 garbage-first heap   total 61440K, used 17379K [0x0000000701a00000, 0x0000000800000000)
  region size 2048K, 2 young (4096K), 2 survivors (4096K)
 Metaspace       used 24952K, committed 25280K, reserved 1114112K
  class space    used 3229K, committed 3392K, reserved 1048576K
}
Event: 3.456 GC heap before
{Heap before GC invocations=6 (full 0):
 garbage-first heap   total 61440K, used 19427K [0x0000000701a00000, 0x0000000800000000)
  region size 2048K, 3 young (6144K), 2 survivors (4096K)
 Metaspace       used 25470K, committed 25856K, reserved 1114112K
  class space    used 3287K, committed 3456K, reserved 1048576K
}
Event: 3.460 GC heap after
{Heap after GC invocations=7 (full 0):
 garbage-first heap   total 61440K, used 17735K [0x0000000701a00000, 0x0000000800000000)
  region size 2048K, 1 young (2048K), 1 survivors (2048K)
 Metaspace       used 25470K, committed 25856K, reserved 1114112K
  class space    used 3287K, committed 3456K, reserved 1048576K
}
Event: 3.993 GC heap before
{Heap before GC invocations=7 (full 0):
 garbage-first heap   total 61440K, used 40263K [0x0000000701a00000, 0x0000000800000000)
  region size 2048K, 12 young (24576K), 1 survivors (2048K)
 Metaspace       used 29791K, committed 30144K, reserved 1114112K
  class space    used 3881K, committed 4032K, reserved 1048576K
}
Event: 3.996 GC heap after
{Heap after GC invocations=8 (full 0):
 garbage-first heap   total 61440K, used 19839K [0x0000000701a00000, 0x0000000800000000)
  region size 2048K, 2 young (4096K), 2 survivors (4096K)
 Metaspace       used 29791K, committed 30144K, reserved 1114112K
  class space    used 3881K, committed 4032K, reserved 1048576K
}
Event: 4.529 GC heap before
{Heap before GC invocations=8 (full 0):
 garbage-first heap   total 61440K, used 40319K [0x0000000701a00000, 0x0000000800000000)
  region size 2048K, 12 young (24576K), 2 survivors (4096K)
 Metaspace       used 33077K, committed 33472K, reserved 1114112K
  class space    used 4273K, committed 4480K, reserved 1048576K
}
Event: 4.534 GC heap after
{Heap after GC invocations=9 (full 0):
 garbage-first heap   total 61440K, used 21557K [0x0000000701a00000, 0x0000000800000000)
  region size 2048K, 1 young (2048K), 1 survivors (2048K)
 Metaspace       used 33077K, committed 33472K, reserved 1114112K
  class space    used 4273K, committed 4480K, reserved 1048576K
}
Event: 4.927 GC heap before
{Heap before GC invocations=9 (full 0):
 garbage-first heap   total 61440K, used 33845K [0x0000000701a00000, 0x0000000800000000)
  region size 2048K, 8 young (16384K), 1 survivors (2048K)
 Metaspace       used 35656K, committed 36096K, reserved 1114112K
  class space    used 4682K, committed 4928K, reserved 1048576K
}
Event: 4.931 GC heap after
{Heap after GC invocations=10 (full 0):
 garbage-first heap   total 61440K, used 22093K [0x0000000701a00000, 0x0000000800000000)
  region size 2048K, 2 young (4096K), 2 survivors (4096K)
 Metaspace       used 35656K, committed 36096K, reserved 1114112K
  class space    used 4682K, committed 4928K, reserved 1048576K
}

